=3001 : The term '=3001' is not recognized as the name of a cmdlet, function, script file, or operable program. Check 
the spelling of the name, or if a path was included, verify that the path is correct and try again.
At line:1 char:1
+ ='3001'; Set-Location 'D:\doantotnghiep\healthcare-system-project\bac ...
+ ~~~~~~~
    + CategoryInfo          : ObjectNotFound: (=3001:String) [], CommandNotFoundException
    + FullyQualifiedErrorId : CommandNotFoundException
 
SyntaxError: Expected property name or '}' in JSON at position 1
    at JSON.parse (<anonymous>)
    at parse (D:\doantotnghiep\healthcare-system-project\backend\node_modules\body-parser\lib\types\json.js:92:19)
    at D:\doantotnghiep\healthcare-system-project\backend\node_modules\body-parser\lib\read.js:128:18
    at AsyncResource.runInAsyncScope (node:async_hooks:206:9)
    at invokeCallback (D:\doantotnghiep\healthcare-system-project\backend\node_modules\raw-body\index.js:238:16)
    at done (D:\doantotnghiep\healthcare-system-project\backend\node_modules\raw-body\index.js:227:7)
    at IncomingMessage.onEnd (D:\doantotnghiep\healthcare-system-project\backend\node_modules\raw-body\index.js:287:7)
    at IncomingMessage.emit (node:events:524:28)
    at endReadableNT (node:internal/streams/readable:1698:12)
    at process.processTicksAndRejections (node:internal/process/task_queues:82:21)
SyntaxError: Expected property name or '}' in JSON at position 1
    at JSON.parse (<anonymous>)
    at parse (D:\doantotnghiep\healthcare-system-project\backend\node_modules\body-parser\lib\types\json.js:92:19)
    at D:\doantotnghiep\healthcare-system-project\backend\node_modules\body-parser\lib\read.js:128:18
    at AsyncResource.runInAsyncScope (node:async_hooks:206:9)
    at invokeCallback (D:\doantotnghiep\healthcare-system-project\backend\node_modules\raw-body\index.js:238:16)
    at done (D:\doantotnghiep\healthcare-system-project\backend\node_modules\raw-body\index.js:227:7)
    at IncomingMessage.onEnd (D:\doantotnghiep\healthcare-system-project\backend\node_modules\raw-body\index.js:287:7)
    at IncomingMessage.emit (node:events:524:28)
    at endReadableNT (node:internal/streams/readable:1698:12)
    at process.processTicksAndRejections (node:internal/process/task_queues:82:21)
SyntaxError: Expected property name or '}' in JSON at position 1
    at JSON.parse (<anonymous>)
    at parse (D:\doantotnghiep\healthcare-system-project\backend\node_modules\body-parser\lib\types\json.js:92:19)
    at D:\doantotnghiep\healthcare-system-project\backend\node_modules\body-parser\lib\read.js:128:18
    at AsyncResource.runInAsyncScope (node:async_hooks:206:9)
    at invokeCallback (D:\doantotnghiep\healthcare-system-project\backend\node_modules\raw-body\index.js:238:16)
    at done (D:\doantotnghiep\healthcare-system-project\backend\node_modules\raw-body\index.js:227:7)
    at IncomingMessage.onEnd (D:\doantotnghiep\healthcare-system-project\backend\node_modules\raw-body\index.js:287:7)
    at IncomingMessage.emit (node:events:524:28)
    at endReadableNT (node:internal/streams/readable:1698:12)
    at process.processTicksAndRejections (node:internal/process/task_queues:82:21)
